<?xml version="1.0" encoding="UTF-8"?>
<testsuite xmlns:xsi="http://www.w3.org/2001/XMLSchema-instance" xsi:noNamespaceSchemaLocation="https://maven.apache.org/surefire/maven-surefire-plugin/xsd/surefire-test-report-3.0.xsd" version="3.0" name="com.it.reee.DockerDemoApplicationTests" time="5.052" tests="1" errors="0" skipped="0" failures="0">
  <properties>
[...]
</properties>
  <testcase name="contextLoads" classname="com.it.reee.DockerDemoApplicationTests" time="1.289">
    <system-out><![CDATA[14:44:16.864 [main] INFO org.springframework.test.context.support.AnnotationConfigContextLoaderUtils -- Could not detect default configuration classes for test class [com.it.reee.DockerDemoApplicationTests]: DockerDemoApplicationTests does not declare any static, non-private, non-final, nested classes annotated with @Configuration.
14:44:17.077 [main] INFO org.springframework.boot.test.context.SpringBootTestContextBootstrapper -- Found @SpringBootConfiguration com.it.reee.DockerDemoApplication for test class com.it.reee.DockerDemoApplicationTests
14:44:17.380 [main] INFO org.springframework.boot.devtools.restart.RestartApplicationListener -- Restart disabled due to context in which it is running

  .   ____          _            __ _ _
 /\\ / ___'_ __ _ _(_)_ __  __ _ \ \ \ \
( ( )\___ | '_ | '_| | '_ \/ _` | \ \ \ \
 \\/  ___)| |_)| | | | | || (_| |  ) ) ) )
  '  |____| .__|_| |_|_| |_\__, | / / / /
 =========|_|==============|___/=/_/_/_/
 :: Spring Boot ::               (v3.2.10)

2024-10-10T14:44:17.792+08:00  INFO 14244 --- [docker-demo] [           main] com.it.reee.DockerDemoApplicationTests   : Starting DockerDemoApplicationTests using Java 17.0.10 with PID 14244 (started by 13560 in C:\workspace\docker-demo)
2024-10-10T14:44:17.794+08:00  INFO 14244 --- [docker-demo] [           main] com.it.reee.DockerDemoApplicationTests   : No active profile set, falling back to 1 default profile: "default"
2024-10-10T14:44:20.280+08:00  INFO 14244 --- [docker-demo] [           main] com.it.reee.DockerDemoApplicationTests   : Started DockerDemoApplicationTests in 2.919 seconds (process running for 4.398)
]]></system-out>
  </testcase>
</testsuite>